<?xml version="1.0" encoding="UTF-8"?>
<testsuite xmlns:xsi="http://www.w3.org/2001/XMLSchema-instance" xsi:noNamespaceSchemaLocation="https://maven.apache.org/surefire/maven-surefire-plugin/xsd/surefire-test-report-3.0.xsd" version="3.0" name="com.identity.runners.TestRunner" time="78.075" tests="1" errors="0" skipped="0" failures="0">
  <properties>
[...]
</properties>
  <testcase name="Verify car details from input file against valuation website" classname="Verify Car Valuation" time="77.02">
    <system-out><![CDATA[
@done
Scenario Outline: Verify car details from input file against valuation website &amp#27;[90m# src/test/resources/features/car_valuation.feature:11&amp#27;[0m
Setting up test environment...
Test environment setup completed successfully
Loaded 4 registration numbers
  &amp#27;[32mGiven &amp#27;[0m&amp#27;[32mI get car registration numbers from &amp#27;[0m&amp#27;[32m&amp#27;[1m"car_input_V4.txt"&amp#27;[0m                 &amp#27;[90m# com.identity.steps.CarValuationSteps.iHaveCarRegistrationNumbersFrom(java.lang.String)&amp#27;[0m
Loaded 4 car details
  &amp#27;[32mAnd &amp#27;[0m&amp#27;[32mI have expected car details from &amp#27;[0m&amp#27;[32m&amp#27;[1m"car_output_V4.txt"&amp#27;[0m                     &amp#27;[90m# com.identity.steps.CarValuationSteps.iHaveExpectedCarDetailsFrom(java.lang.String)&amp#27;[0m
Starting to check car details for 4 registrations
============================================================================
Checking details for registration: BW57BOW
============================================================================
Navigating to valuation page for BW57BOW
Entering registration: BW57BOW
Entering random mileage
Clicking car valuation button
SORRY, NO VEHICLE FOUND WITH REG: BW57BOW
Skipping validation for registration: BW57BOW - car not found on website
============================================================================
Checking details for registration: KT17DLX
============================================================================
Navigating to valuation page for KT17DLX
Cookie accept button not found - continuing
Entering registration: KT17DLX
Entering random mileage
Clicking car valuation button
Vehicle questions section found for reg: KT17DLX
Validating details for registration: KT17DLX
Validating Registration Number: KT17DLX
Validating Make: SKODA
Validating Model: SUPERB DIESEL ESTATE - 2.0 TDI CR 190 Sport Line 5dr DSG
Validating Year: 2017
All validations passed successfully!
============================================================================
Checking details for registration: AD58VNF
============================================================================
Navigating to valuation page for AD58VNF
Cookie accept button not found - continuing
Entering registration: AD58VNF
Entering random mileage
Clicking car valuation button
Vehicle questions section found for reg: AD58VNF
Validating details for registration: AD58VNF
Validating Registration Number: AD58VNF
Validating Make: BMW
Validating Model: 1 SERIES DIESEL COUPE - 120d M Sport 2dr
Validating Year: 2008
All validations passed successfully!
============================================================================
Checking details for registration: SG18HTN
============================================================================
Navigating to valuation page for SG18HTN
Cookie accept button not found - continuing
Entering registration: SG18HTN
Entering random mileage
Clicking car valuation button
SORRY, NO VEHICLE FOUND WITH REG: SG18HTN
Skipping validation for registration: SG18HTN - car not found on website
  &amp#27;[32mWhen &amp#27;[0m&amp#27;[32mI check each car's details on the valuation website&amp#27;[0m                     &amp#27;[90m# com.identity.steps.CarValuationSteps.iCheckEachCarsDetailsOnTheValuationWebsite()&amp#27;[0m
All car details have been processed successfully
  &amp#27;[32mThen &amp#27;[0m&amp#27;[32mthe car details should match the expected output&amp#27;[0m                        &amp#27;[90m# com.identity.steps.CarValuationSteps.theCarDetailsShouldMatchTheExpectedOutput()&amp#27;[0m
Tearing down test environment...
Test environment teardown completed successfully
]]></system-out>
    <system-err><![CDATA[Nov 11, 2024 12:37:05 PM io.cucumber.core.options.CucumberPropertiesParser lambda$warnWhenCucumberOptionsIsUsed$2
WARNING: Passing commandline options via the property 'cucumber.options' is no longer supported. Please use individual properties instead. See the java doc on io.cucumber.core.options.Constants for details.
]]></system-err>
  </testcase>
</testsuite>